/*C12*/SET SCHEMA PUBLIC
drop table if exists log_event_tracker CASCADE 
create table log_event_tracker (id varchar(255) not null, alert boolean, duration float, event_type varchar(255), host varchar(255), primary key (id))
INSERT INTO LOG_EVENT_TRACKER VALUES('f23cfBFcEFd454cD',FALSE,4.0E0,NULL,'41.114.125.216')
INSERT INTO LOG_EVENT_TRACKER VALUES('0445B46bAeFf17Ec',FALSE,4.0E0,NULL,'203.66.234.114')
INSERT INTO LOG_EVENT_TRACKER VALUES('ddc0185062DB40Fc',FALSE,3.0E0,NULL,NULL)
INSERT INTO LOG_EVENT_TRACKER VALUES('133fE31Ade0F9cc8',FALSE,4.0E0,'APPLICATION_LOG',NULL)
INSERT INTO LOG_EVENT_TRACKER VALUES('26e15cAFDa5fe47A',TRUE,9.0E0,'APPLICATION_LOG',NULL)
INSERT INTO LOG_EVENT_TRACKER VALUES('7Ae8aAD83e7c7b4b',TRUE,8.0E0,NULL,'187.23.151.1')
INSERT INTO LOG_EVENT_TRACKER VALUES('0cdeFa3BDb4C9CBf',FALSE,2.0E0,'APPLICATION_LOG',NULL)
INSERT INTO LOG_EVENT_TRACKER VALUES('Cab0f326E6d7daCe',FALSE,2.0E0,'APPLICATION_LOG','122.212.245.249')
COMMIT
DISCONNECT
/*C13*/SET SCHEMA PUBLIC
DISCONNECT
/*C14*/SET SCHEMA PUBLIC
DISCONNECT
/*C15*/SET SCHEMA PUBLIC
DISCONNECT
/*C16*/SET SCHEMA PUBLIC
DISCONNECT
/*C17*/SET SCHEMA PUBLIC
DISCONNECT
/*C18*/SET SCHEMA PUBLIC
DISCONNECT
/*C19*/SET SCHEMA PUBLIC
DISCONNECT
/*C20*/SET SCHEMA PUBLIC
DISCONNECT
/*C21*/SET SCHEMA PUBLIC
DISCONNECT
